\BOOKMARK [0][-]{chapter.1}{Introduc\343o}{}
\BOOKMARK [1][-]{section.1.1}{Conceito}{chapter.1}
\BOOKMARK [1][-]{section.1.2}{Objetivo}{chapter.1}
\BOOKMARK [1][-]{section.1.3}{Estrutura do Trabalho}{chapter.1}
\BOOKMARK [0][-]{chapter.2}{T\351cnicas Avaliadas}{}
\BOOKMARK [1][-]{section.2.1}{Contexto e Hist\363rico}{chapter.2}
\BOOKMARK [2][-]{subsection.2.1.1}{Sistemas de Reconhecimento de Padr\365es}{section.2.1}
\BOOKMARK [1][-]{section.2.2}{Classificadores}{chapter.2}
\BOOKMARK [2][-]{subsection.2.2.1}{K-Nearest Neighbor}{section.2.2}
\BOOKMARK [2][-]{subsection.2.2.2}{Janela de Parzen}{section.2.2}
\BOOKMARK [2][-]{subsection.2.2.3}{MLE}{section.2.2}
\BOOKMARK [2][-]{subsection.2.2.4}{EM}{section.2.2}
\BOOKMARK [2][-]{subsection.2.2.5}{Combina\347\343o de Classificadores}{section.2.2}
\BOOKMARK [1][-]{section.2.3}{Agrupamento}{chapter.2}
\BOOKMARK [2][-]{subsection.2.3.1}{K-Means}{section.2.3}
\BOOKMARK [0][-]{chapter.3}{Experimentos}{}
\BOOKMARK [1][-]{section.3.1}{Metodologia}{chapter.3}
\BOOKMARK [1][-]{section.3.2}{Gera\347\343o de Dados}{chapter.3}
\BOOKMARK [1][-]{section.3.3}{Avalia\347\343o}{chapter.3}
\BOOKMARK [1][-]{section.3.4}{Compara\347\343o}{chapter.3}
\BOOKMARK [0][-]{chapter.4}{Conclus\343o}{}
\BOOKMARK [0][-]{chapter*.4}{Refer\352ncias Bibliogr\341ficas}{}
